2021-07-20 20:01:24,171 WARN streaming.StreamJob: -file option is deprecated, please use generic option -files instead.
2021-07-20 20:01:24,272 WARN util.NativeCodeLoader: Unable to load native-hadoop library for your platform... using builtin-java classes where applicable
2021-07-20 20:01:24,941 INFO client.DefaultNoHARMFailoverProxyProvider: Connecting to ResourceManager at /0.0.0.0:8032
2021-07-20 20:01:25,089 INFO client.DefaultNoHARMFailoverProxyProvider: Connecting to ResourceManager at /0.0.0.0:8032
2021-07-20 20:01:25,275 INFO mapreduce.JobResourceUploader: Disabling Erasure Coding for path: /tmp/hadoop-yarn/staging/kobihancz/.staging/job_1626807885889_0012
2021-07-20 20:01:25,536 INFO mapred.FileInputFormat: Total input files to process : 1
2021-07-20 20:01:25,567 INFO mapreduce.JobSubmitter: number of splits:2
2021-07-20 20:01:25,670 INFO mapreduce.JobSubmitter: Submitting tokens for job: job_1626807885889_0012
2021-07-20 20:01:25,670 INFO mapreduce.JobSubmitter: Executing with tokens: []
2021-07-20 20:01:25,838 INFO conf.Configuration: resource-types.xml not found
2021-07-20 20:01:25,838 INFO resource.ResourceUtils: Unable to find 'resource-types.xml'.
2021-07-20 20:01:25,891 INFO impl.YarnClientImpl: Submitted application application_1626807885889_0012
2021-07-20 20:01:25,926 INFO mapreduce.Job: The url to track the job: http://Kobis-MacBook-Pro-2.local:8088/proxy/application_1626807885889_0012/
2021-07-20 20:01:25,928 INFO mapreduce.Job: Running job: job_1626807885889_0012
2021-07-20 20:01:35,068 INFO mapreduce.Job: Job job_1626807885889_0012 running in uber mode : false
2021-07-20 20:01:35,070 INFO mapreduce.Job:  map 0% reduce 0%
2021-07-20 20:01:42,154 INFO mapreduce.Job:  map 100% reduce 0%
2021-07-20 20:01:50,225 INFO mapreduce.Job:  map 100% reduce 100%
2021-07-20 20:01:50,240 INFO mapreduce.Job: Job job_1626807885889_0012 completed successfully
2021-07-20 20:01:50,317 INFO mapreduce.Job: Counters: 50
	File System Counters
		FILE: Number of bytes read=127
		FILE: Number of bytes written=829288
		FILE: Number of read operations=0
		FILE: Number of large read operations=0
		FILE: Number of write operations=0
		HDFS: Number of bytes read=447
		HDFS: Number of bytes written=88
		HDFS: Number of read operations=11
		HDFS: Number of large read operations=0
		HDFS: Number of write operations=2
		HDFS: Number of bytes read erasure-coded=0
	Job Counters 
		Launched map tasks=2
		Launched reduce tasks=1
		Data-local map tasks=2
		Total time spent by all maps in occupied slots (ms)=10913
		Total time spent by all reduces in occupied slots (ms)=4919
		Total time spent by all map tasks (ms)=10913
		Total time spent by all reduce tasks (ms)=4919
		Total vcore-milliseconds taken by all map tasks=10913
		Total vcore-milliseconds taken by all reduce tasks=4919
		Total megabyte-milliseconds taken by all map tasks=11174912
		Total megabyte-milliseconds taken by all reduce tasks=5037056
	Map-Reduce Framework
		Map input records=5
		Map output records=5
		Map output bytes=111
		Map output materialized bytes=133
		Input split bytes=280
		Combine input records=0
		Combine output records=0
		Reduce input groups=4
		Reduce shuffle bytes=133
		Reduce input records=5
		Reduce output records=4
		Spilled Records=10
		Shuffled Maps =2
		Failed Shuffles=0
		Merged Map outputs=2
		GC time elapsed (ms)=118
		CPU time spent (ms)=0
		Physical memory (bytes) snapshot=0
		Virtual memory (bytes) snapshot=0
		Total committed heap usage (bytes)=852492288
	Shuffle Errors
		BAD_ID=0
		CONNECTION=0
		IO_ERROR=0
		WRONG_LENGTH=0
		WRONG_MAP=0
		WRONG_REDUCE=0
	File Input Format Counters 
		Bytes Read=167
	File Output Format Counters 
		Bytes Written=88
2021-07-20 20:01:50,317 INFO streaming.StreamJob: Output directory: /test_directory/hadoop_mini_project/output/make_year_count
